<?xml version="1.0" encoding="UTF-8"?>
<testsuite xmlns:xsi="http://www.w3.org/2001/XMLSchema-instance" xsi:noNamespaceSchemaLocation="https://maven.apache.org/surefire/maven-surefire-plugin/xsd/surefire-test-report-3.0.xsd" version="3.0" name="edu.eci.cvds.tdd.library.LibraryTest" time="0.133" tests="23" errors="0" skipped="0" failures="0">
  <properties>
    <property name="java.specification.version" value="22"/>
    <property name="sun.cpu.isalist" value="amd64"/>
    <property name="sun.jnu.encoding" value="Cp1252"/>
    <property name="java.class.path" value="C:\Users\ditov\OneDrive\Desktop\CVDS\laboratorio3\target\test-classes;C:\Users\ditov\OneDrive\Desktop\CVDS\laboratorio3\target\classes;C:\Users\ditov\.m2\repository\org\junit\jupiter\junit-jupiter-api\5.11.0\junit-jupiter-api-5.11.0.jar;C:\Users\ditov\.m2\repository\org\opentest4j\opentest4j\1.3.0\opentest4j-1.3.0.jar;C:\Users\ditov\.m2\repository\org\junit\platform\junit-platform-commons\1.11.0\junit-platform-commons-1.11.0.jar;C:\Users\ditov\.m2\repository\org\apiguardian\apiguardian-api\1.1.2\apiguardian-api-1.1.2.jar;"/>
    <property name="java.vm.vendor" value="Oracle Corporation"/>
    <property name="sun.arch.data.model" value="64"/>
    <property name="user.variant" value=""/>
    <property name="java.vendor.url" value="https://java.oracle.com/"/>
    <property name="user.timezone" value="America/Bogota"/>
    <property name="os.name" value="Windows 11"/>
    <property name="java.vm.specification.version" value="22"/>
    <property name="sun.java.launcher" value="SUN_STANDARD"/>
    <property name="user.country" value="CO"/>
    <property name="sun.boot.library.path" value="C:\Program Files\Java\jdk-22\bin"/>
    <property name="sun.java.command" value="C:\Users\ditov\AppData\Local\Temp\surefire10294907234490541599\surefirebooter-20240901074045955_3.jar C:\Users\ditov\AppData\Local\Temp\surefire10294907234490541599 2024-09-01T07-40-45_796-jvmRun1 surefire-20240901074045955_1tmp surefire_0-20240901074045955_2tmp"/>
    <property name="jdk.debug" value="release"/>
    <property name="surefire.test.class.path" value="C:\Users\ditov\OneDrive\Desktop\CVDS\laboratorio3\target\test-classes;C:\Users\ditov\OneDrive\Desktop\CVDS\laboratorio3\target\classes;C:\Users\ditov\.m2\repository\org\junit\jupiter\junit-jupiter-api\5.11.0\junit-jupiter-api-5.11.0.jar;C:\Users\ditov\.m2\repository\org\opentest4j\opentest4j\1.3.0\opentest4j-1.3.0.jar;C:\Users\ditov\.m2\repository\org\junit\platform\junit-platform-commons\1.11.0\junit-platform-commons-1.11.0.jar;C:\Users\ditov\.m2\repository\org\apiguardian\apiguardian-api\1.1.2\apiguardian-api-1.1.2.jar;"/>
    <property name="sun.cpu.endian" value="little"/>
    <property name="user.home" value="C:\Users\ditov"/>
    <property name="user.language" value="es"/>
    <property name="java.specification.vendor" value="Oracle Corporation"/>
    <property name="java.version.date" value="2024-07-16"/>
    <property name="java.home" value="C:\Program Files\Java\jdk-22"/>
    <property name="file.separator" value="\"/>
    <property name="basedir" value="C:\Users\ditov\OneDrive\Desktop\CVDS\laboratorio3"/>
    <property name="java.vm.compressedOopsMode" value="Zero based"/>
    <property name="line.separator" value="&#10;"/>
    <property name="java.vm.specification.vendor" value="Oracle Corporation"/>
    <property name="java.specification.name" value="Java Platform API Specification"/>
    <property name="surefire.real.class.path" value="C:\Users\ditov\AppData\Local\Temp\surefire10294907234490541599\surefirebooter-20240901074045955_3.jar"/>
    <property name="user.script" value=""/>
    <property name="sun.management.compiler" value="HotSpot 64-Bit Tiered Compilers"/>
    <property name="java.runtime.version" value="22.0.2+9-70"/>
    <property name="user.name" value="ditov"/>
    <property name="stdout.encoding" value="Cp1252"/>
    <property name="path.separator" value=";"/>
    <property name="os.version" value="10.0"/>
    <property name="java.runtime.name" value="Java(TM) SE Runtime Environment"/>
    <property name="file.encoding" value="UTF-8"/>
    <property name="java.vm.name" value="Java HotSpot(TM) 64-Bit Server VM"/>
    <property name="localRepository" value="C:\Users\ditov\.m2\repository"/>
    <property name="java.vendor.url.bug" value="https://bugreport.java.com/bugreport/"/>
    <property name="java.io.tmpdir" value="C:\Users\ditov\AppData\Local\Temp\"/>
    <property name="idea.version" value="2024.2.0.2"/>
    <property name="sonar.token" value="squ_52003c610995cf797ee0e646af41b8aaa570cf30"/>
    <property name="java.version" value="22.0.2"/>
    <property name="user.dir" value="C:\Users\ditov\OneDrive\Desktop\CVDS\laboratorio3"/>
    <property name="os.arch" value="amd64"/>
    <property name="java.vm.specification.name" value="Java Virtual Machine Specification"/>
    <property name="sun.os.patch.level" value=""/>
    <property name="native.encoding" value="Cp1252"/>
    <property name="java.library.path" value="C:\Program Files\Java\jdk-22\bin;C:\Windows\Sun\Java\bin;C:\Windows\system32;C:\Windows;C:\Program Files\Common Files\Oracle\Java\javapath;C:\Windows\system32;C:\Windows;C:\Windows\System32\Wbem;C:\Windows\System32\WindowsPowerShell\v1.0\;C:\Windows\System32\OpenSSH\;C:\Program Files\Git\cmd;C:\Program Files\Apache\apache-maven-3.9.9\bin;C:\Program Files (x86)\Microsoft SQL Server\160\DTS\Binn\;C:\Program Files\Docker\Docker\resources\bin;C:\Users\ditov\AppData\Local\Microsoft\WindowsApps;C:\Program Files\Apache\apache-maven-3.9.9\bin;;."/>
    <property name="java.vm.info" value="mixed mode, sharing"/>
    <property name="stderr.encoding" value="Cp1252"/>
    <property name="java.vendor" value="Oracle Corporation"/>
    <property name="java.vm.version" value="22.0.2+9-70"/>
    <property name="sun.io.unicode.encoding" value="UnicodeLittle"/>
    <property name="java.class.version" value="66.0"/>
  </properties>
  <testcase name="shouldNot_returnALoan_whenItNotExists" classname="edu.eci.cvds.tdd.library.LibraryTest" time="0.031"/>
  <testcase name="shouldNot_addBook_whenItHasSameIsbnButDifferentNameOrAuthor" classname="edu.eci.cvds.tdd.library.LibraryTest" time="0.002"/>
  <testcase name="should_returnALoan_whenTheLoanExists" classname="edu.eci.cvds.tdd.library.LibraryTest" time="0.011"/>
  <testcase name="shouldNot_loanABook_whenUserNotExists" classname="edu.eci.cvds.tdd.library.LibraryTest" time="0.002"/>
  <testcase name="shouldNot_addBook_whenItHasEmptyOrNullIsbn" classname="edu.eci.cvds.tdd.library.LibraryTest" time="0.003"/>
  <testcase name="sholdNot_addBook_whenItIsNull" classname="edu.eci.cvds.tdd.library.LibraryTest" time="0.001"/>
  <testcase name="should_changeStatus_whenReturnALoan" classname="edu.eci.cvds.tdd.library.LibraryTest" time="0.001"/>
  <testcase name="shouldNot_returnALoan_whenItIsReturned" classname="edu.eci.cvds.tdd.library.LibraryTest" time="0.002"/>
  <testcase name="should_loanABook_whenUserAndBookExists" classname="edu.eci.cvds.tdd.library.LibraryTest" time="0.001"/>
  <testcase name="should_IncreaseQuantity_WhenTheBookAlredyExists" classname="edu.eci.cvds.tdd.library.LibraryTest" time="0.0"/>
  <testcase name="shouldNot_loanABook_whenBookNotExists" classname="edu.eci.cvds.tdd.library.LibraryTest" time="0.002"/>
  <testcase name="should_getBookAuthor" classname="edu.eci.cvds.tdd.library.LibraryTest" time="0.0"/>
  <testcase name="should_getLoanDate" classname="edu.eci.cvds.tdd.library.LibraryTest" time="0.002"/>
  <testcase name="shouldNot_loanABook_whenTheUserAlreadyHasALoanForTheSameBook" classname="edu.eci.cvds.tdd.library.LibraryTest" time="0.001"/>
  <testcase name="should_AddBook_WhenTheBookAlredyExists" classname="edu.eci.cvds.tdd.library.LibraryTest" time="0.001"/>
  <testcase name="should_getName" classname="edu.eci.cvds.tdd.library.LibraryTest" time="0.001"/>
  <testcase name="should_increaseBooks_whenReturnALoan" classname="edu.eci.cvds.tdd.library.LibraryTest" time="0.001"/>
  <testcase name="should_changeReturnDate_whenReturnALoan" classname="edu.eci.cvds.tdd.library.LibraryTest" time="0.001"/>
  <testcase name="should_AddNewBook_WhenNotExists" classname="edu.eci.cvds.tdd.library.LibraryTest" time="0.001"/>
  <testcase name="shouldNot_loanABook_whenItIsUnavailable" classname="edu.eci.cvds.tdd.library.LibraryTest" time="0.002"/>
  <testcase name="should_getBookTitle" classname="edu.eci.cvds.tdd.library.LibraryTest" time="0.001"/>
  <testcase name="should_StartsWithOneBook_WhenIsNew" classname="edu.eci.cvds.tdd.library.LibraryTest" time="0.001"/>
  <testcase name="shouldNot_loanABook_whenUserOrBookIsNull" classname="edu.eci.cvds.tdd.library.LibraryTest" time="0.001"/>
</testsuite>